# Logfile created on 2020-11-18 11:59:51 +0700 by logger.rb/v1.4.2
I, [2020-11-18T12:50:15.141140 #23580]  INFO -- : 2020-11-18T12:50:15+0700: [Worker(host:bao-TP500LB pid:23580)] Starting job worker
I, [2020-11-18T12:50:15.188960 #23580]  INFO -- : 2020-11-18T12:50:15+0700: [Worker(host:bao-TP500LB pid:23580)] Job AutoUpdateRemindStatusJob [324ae1c6-b6e8-4d61-bfeb-65d62e8d9499] from DelayedJob(auto_update_remind_status_job) with arguments: [{"_aj_globalid"=>"gid://hbao-app/Remind/17"}] (id=4) (queue=auto_update_remind_status_job) RUNNING
I, [2020-11-18T12:50:15.293246 #23580]  INFO -- : 2020-11-18T12:50:15+0700: [Worker(host:bao-TP500LB pid:23580)] Job AutoUpdateRemindStatusJob [324ae1c6-b6e8-4d61-bfeb-65d62e8d9499] from DelayedJob(auto_update_remind_status_job) with arguments: [{"_aj_globalid"=>"gid://hbao-app/Remind/17"}] (id=4) (queue=auto_update_remind_status_job) COMPLETED after 0.1040
I, [2020-11-18T12:50:15.308335 #23580]  INFO -- : 2020-11-18T12:50:15+0700: [Worker(host:bao-TP500LB pid:23580)] Job AutoUpdateRemindStatusJob [f2f7b16c-e7c3-44a0-9640-5cb0f0e79c73] from DelayedJob(auto_update_remind_status_job) with arguments: [{"_aj_globalid"=>"gid://hbao-app/Remind/18"}] (id=5) (queue=auto_update_remind_status_job) RUNNING
I, [2020-11-18T12:50:15.382985 #23580]  INFO -- : 2020-11-18T12:50:15+0700: [Worker(host:bao-TP500LB pid:23580)] Job AutoUpdateRemindStatusJob [f2f7b16c-e7c3-44a0-9640-5cb0f0e79c73] from DelayedJob(auto_update_remind_status_job) with arguments: [{"_aj_globalid"=>"gid://hbao-app/Remind/18"}] (id=5) (queue=auto_update_remind_status_job) COMPLETED after 0.0722
I, [2020-11-18T12:50:15.414555 #23580]  INFO -- : 2020-11-18T12:50:15+0700: [Worker(host:bao-TP500LB pid:23580)] Job AutoUpdateRemindStatusJob [0cd1d833-3d0c-492d-807a-4e5f71242d7c] from DelayedJob(auto_update_remind_status_job) with arguments: [{"_aj_globalid"=>"gid://hbao-app/Remind/20"}] (id=6) (queue=auto_update_remind_status_job) RUNNING
I, [2020-11-18T12:50:15.483554 #23580]  INFO -- : 2020-11-18T12:50:15+0700: [Worker(host:bao-TP500LB pid:23580)] Job AutoUpdateRemindStatusJob [0cd1d833-3d0c-492d-807a-4e5f71242d7c] from DelayedJob(auto_update_remind_status_job) with arguments: [{"_aj_globalid"=>"gid://hbao-app/Remind/20"}] (id=6) (queue=auto_update_remind_status_job) COMPLETED after 0.0654
I, [2020-11-18T12:50:15.497691 #23580]  INFO -- : 2020-11-18T12:50:15+0700: [Worker(host:bao-TP500LB pid:23580)] Job AutoUpdateRemindStatusJob [c19b4431-b7b7-4dba-9cfe-eaae84b0ada9] from DelayedJob(auto_update_remind_status_job) with arguments: [{"_aj_globalid"=>"gid://hbao-app/Remind/21"}] (id=7) (queue=auto_update_remind_status_job) RUNNING
I, [2020-11-18T12:50:15.528854 #23580]  INFO -- : 2020-11-18T12:50:15+0700: [Worker(host:bao-TP500LB pid:23580)] Job AutoUpdateRemindStatusJob [c19b4431-b7b7-4dba-9cfe-eaae84b0ada9] from DelayedJob(auto_update_remind_status_job) with arguments: [{"_aj_globalid"=>"gid://hbao-app/Remind/21"}] (id=7) (queue=auto_update_remind_status_job) COMPLETED after 0.0303
I, [2020-11-18T12:50:15.545832 #23580]  INFO -- : 2020-11-18T12:50:15+0700: [Worker(host:bao-TP500LB pid:23580)] Job AutoUpdateRemindStatusJob [03287ecd-4035-42ae-8039-7587e7236531] from DelayedJob(auto_update_remind_status_job) with arguments: [{"_aj_globalid"=>"gid://hbao-app/Remind/22"}] (id=8) (queue=auto_update_remind_status_job) RUNNING
I, [2020-11-18T12:50:15.569303 #23580]  INFO -- : 2020-11-18T12:50:15+0700: [Worker(host:bao-TP500LB pid:23580)] Job AutoUpdateRemindStatusJob [03287ecd-4035-42ae-8039-7587e7236531] from DelayedJob(auto_update_remind_status_job) with arguments: [{"_aj_globalid"=>"gid://hbao-app/Remind/22"}] (id=8) (queue=auto_update_remind_status_job) COMPLETED after 0.0226
I, [2020-11-18T12:50:15.584533 #23580]  INFO -- : 2020-11-18T12:50:15+0700: [Worker(host:bao-TP500LB pid:23580)] Job AutoUpdateRemindStatusJob [3e0ae3a3-323d-44fb-906a-9117ed8c92f4] from DelayedJob(auto_update_remind_status_job) with arguments: [{"_aj_globalid"=>"gid://hbao-app/Remind/24"}] (id=9) (queue=auto_update_remind_status_job) RUNNING
I, [2020-11-18T12:50:15.603197 #23580]  INFO -- : 2020-11-18T12:50:15+0700: [Worker(host:bao-TP500LB pid:23580)] Job AutoUpdateRemindStatusJob [3e0ae3a3-323d-44fb-906a-9117ed8c92f4] from DelayedJob(auto_update_remind_status_job) with arguments: [{"_aj_globalid"=>"gid://hbao-app/Remind/24"}] (id=9) (queue=auto_update_remind_status_job) COMPLETED after 0.0185
I, [2020-11-18T12:50:15.619952 #23580]  INFO -- : 2020-11-18T12:50:15+0700: [Worker(host:bao-TP500LB pid:23580)] Job AutoUpdateRemindStatusJob [c683a295-42cc-40a4-90fc-7c00c6c5a066] from DelayedJob(auto_update_remind_status_job) with arguments: [{"_aj_globalid"=>"gid://hbao-app/Remind/25"}] (id=10) (queue=auto_update_remind_status_job) RUNNING
I, [2020-11-18T12:50:15.638785 #23580]  INFO -- : 2020-11-18T12:50:15+0700: [Worker(host:bao-TP500LB pid:23580)] Job AutoUpdateRemindStatusJob [c683a295-42cc-40a4-90fc-7c00c6c5a066] from DelayedJob(auto_update_remind_status_job) with arguments: [{"_aj_globalid"=>"gid://hbao-app/Remind/25"}] (id=10) (queue=auto_update_remind_status_job) COMPLETED after 0.0185
I, [2020-11-18T12:50:15.660125 #23580]  INFO -- : 2020-11-18T12:50:15+0700: [Worker(host:bao-TP500LB pid:23580)] Job AutoUpdateRemindStatusJob.perform_later (id=11) (queue=auto_update_remind_status_job) RUNNING
I, [2020-11-18T12:50:15.691415 #23580]  INFO -- : 2020-11-18T12:50:15+0700: [Worker(host:bao-TP500LB pid:23580)] Job AutoUpdateRemindStatusJob.perform_later (id=11) (queue=auto_update_remind_status_job) COMPLETED after 0.0306
I, [2020-11-18T12:50:15.715042 #23580]  INFO -- : 2020-11-18T12:50:15+0700: [Worker(host:bao-TP500LB pid:23580)] Job AutoUpdateRemindStatusJob.perform_later (id=12) (queue=auto_update_remind_status_job) RUNNING
I, [2020-11-18T12:50:15.745675 #23580]  INFO -- : 2020-11-18T12:50:15+0700: [Worker(host:bao-TP500LB pid:23580)] Job AutoUpdateRemindStatusJob.perform_later (id=12) (queue=auto_update_remind_status_job) COMPLETED after 0.0303
I, [2020-11-18T12:50:15.762713 #23580]  INFO -- : 2020-11-18T12:50:15+0700: [Worker(host:bao-TP500LB pid:23580)] Job AutoUpdateRemindStatusJob.perform_later (id=13) (queue=auto_update_remind_status_job) RUNNING
I, [2020-11-18T12:50:15.795139 #23580]  INFO -- : 2020-11-18T12:50:15+0700: [Worker(host:bao-TP500LB pid:23580)] Job AutoUpdateRemindStatusJob.perform_later (id=13) (queue=auto_update_remind_status_job) COMPLETED after 0.0322
I, [2020-11-18T12:50:15.810786 #23580]  INFO -- : 2020-11-18T12:50:15+0700: [Worker(host:bao-TP500LB pid:23580)] Job AutoUpdateRemindStatusJob [0af1d372-2916-48aa-95b2-4f44df809cd3] from DelayedJob(auto_update_remind_status_job) with arguments: [{"_aj_globalid"=>"gid://hbao-app/Remind/26"}] (id=14) (queue=auto_update_remind_status_job) RUNNING
I, [2020-11-18T12:50:15.829359 #23580]  INFO -- : 2020-11-18T12:50:15+0700: [Worker(host:bao-TP500LB pid:23580)] Job AutoUpdateRemindStatusJob [0af1d372-2916-48aa-95b2-4f44df809cd3] from DelayedJob(auto_update_remind_status_job) with arguments: [{"_aj_globalid"=>"gid://hbao-app/Remind/26"}] (id=14) (queue=auto_update_remind_status_job) COMPLETED after 0.0184
I, [2020-11-18T12:50:15.846705 #23580]  INFO -- : 2020-11-18T12:50:15+0700: [Worker(host:bao-TP500LB pid:23580)] Job AutoUpdateRemindStatusJob [ae07fb79-9807-4cad-aceb-4adec154f0fb] from DelayedJob(auto_update_remind_status_job) with arguments: [{"_aj_globalid"=>"gid://hbao-app/Remind/27"}] (id=15) (queue=auto_update_remind_status_job) RUNNING
I, [2020-11-18T12:50:15.870716 #23580]  INFO -- : 2020-11-18T12:50:15+0700: [Worker(host:bao-TP500LB pid:23580)] Job AutoUpdateRemindStatusJob [ae07fb79-9807-4cad-aceb-4adec154f0fb] from DelayedJob(auto_update_remind_status_job) with arguments: [{"_aj_globalid"=>"gid://hbao-app/Remind/27"}] (id=15) (queue=auto_update_remind_status_job) COMPLETED after 0.0237
I, [2020-11-18T12:50:15.891045 #23580]  INFO -- : 2020-11-18T12:50:15+0700: [Worker(host:bao-TP500LB pid:23580)] Job AutoUpdateRemindStatusJob [c328f16a-a51e-4ae3-855d-c642854b76f1] from DelayedJob(auto_update_remind_status_job) with arguments: [{"_aj_globalid"=>"gid://hbao-app/Remind/28"}] (id=16) (queue=auto_update_remind_status_job) RUNNING
I, [2020-11-18T12:50:15.905136 #23580]  INFO -- : 2020-11-18T12:50:15+0700: [Worker(host:bao-TP500LB pid:23580)] Job AutoUpdateRemindStatusJob [c328f16a-a51e-4ae3-855d-c642854b76f1] from DelayedJob(auto_update_remind_status_job) with arguments: [{"_aj_globalid"=>"gid://hbao-app/Remind/28"}] (id=16) (queue=auto_update_remind_status_job) COMPLETED after 0.0138
I, [2020-11-18T12:50:15.909518 #23580]  INFO -- : 2020-11-18T12:50:15+0700: [Worker(host:bao-TP500LB pid:23580)] 13 jobs processed at 16.9389 j/s, 0 failed
I, [2020-11-18T12:54:16.388765 #23580]  INFO -- : 2020-11-18T12:54:16+0700: [Worker(host:bao-TP500LB pid:23580)] Job AutoUpdateRemindStatusJob.perform_later (id=17) (queue=auto_update_remind_status_job) RUNNING
I, [2020-11-18T12:54:16.419613 #23580]  INFO -- : 2020-11-18T12:54:16+0700: [Worker(host:bao-TP500LB pid:23580)] Job AutoUpdateRemindStatusJob.perform_later (id=17) (queue=auto_update_remind_status_job) COMPLETED after 0.0298
I, [2020-11-18T12:54:16.431281 #23580]  INFO -- : 2020-11-18T12:54:16+0700: [Worker(host:bao-TP500LB pid:23580)] Job AutoUpdateRemindStatusJob [473efc68-461e-4a3c-8168-53240fc04100] from DelayedJob(auto_update_remind_status_job) with arguments: [{"_aj_globalid"=>"gid://hbao-app/Remind/29"}] (id=18) (queue=auto_update_remind_status_job) RUNNING
I, [2020-11-18T12:54:16.449447 #23580]  INFO -- : 2020-11-18T12:54:16+0700: [Worker(host:bao-TP500LB pid:23580)] Job AutoUpdateRemindStatusJob [473efc68-461e-4a3c-8168-53240fc04100] from DelayedJob(auto_update_remind_status_job) with arguments: [{"_aj_globalid"=>"gid://hbao-app/Remind/29"}] (id=18) (queue=auto_update_remind_status_job) COMPLETED after 0.0179
I, [2020-11-18T12:54:16.455308 #23580]  INFO -- : 2020-11-18T12:54:16+0700: [Worker(host:bao-TP500LB pid:23580)] 2 jobs processed at 23.0835 j/s, 0 failed
I, [2020-11-18T12:59:48.080395 #23580]  INFO -- : 2020-11-18T12:59:48+0700: [Worker(host:bao-TP500LB pid:23580)] Exiting...
I, [2020-11-18T13:12:40.430868 #25208]  INFO -- : 2020-11-18T13:12:40+0700: [Worker(host:bao-TP500LB pid:25208)] Starting job worker
I, [2020-11-18T13:12:40.482789 #25208]  INFO -- : 2020-11-18T13:12:40+0700: [Worker(host:bao-TP500LB pid:25208)] Job AutoUpdateRemindStatusJob.perform_later (id=19) (queue=auto_update_remind_status_job) RUNNING
I, [2020-11-18T13:12:40.513356 #25208]  INFO -- : 2020-11-18T13:12:40+0700: [Worker(host:bao-TP500LB pid:25208)] Job AutoUpdateRemindStatusJob.perform_later (id=19) (queue=auto_update_remind_status_job) COMPLETED after 0.0302
I, [2020-11-18T13:12:40.524960 #25208]  INFO -- : 2020-11-18T13:12:40+0700: [Worker(host:bao-TP500LB pid:25208)] Job AutoUpdateRemindStatusJob.perform_later (id=20) (queue=auto_update_remind_status_job) RUNNING
I, [2020-11-18T13:12:40.550331 #25208]  INFO -- : 2020-11-18T13:12:40+0700: [Worker(host:bao-TP500LB pid:25208)] Job AutoUpdateRemindStatusJob.perform_later (id=20) (queue=auto_update_remind_status_job) COMPLETED after 0.0246
I, [2020-11-18T13:12:40.570023 #25208]  INFO -- : 2020-11-18T13:12:40+0700: [Worker(host:bao-TP500LB pid:25208)] Job AutoUpdateRemindStatusJob.perform_later (id=21) (queue=auto_update_remind_status_job) RUNNING
I, [2020-11-18T13:12:40.627655 #25208]  INFO -- : 2020-11-18T13:12:40+0700: [Worker(host:bao-TP500LB pid:25208)] Job AutoUpdateRemindStatusJob.perform_later (id=21) (queue=auto_update_remind_status_job) COMPLETED after 0.0552
I, [2020-11-18T13:12:40.659074 #25208]  INFO -- : 2020-11-18T13:12:40+0700: [Worker(host:bao-TP500LB pid:25208)] Job AutoUpdateRemindStatusJob [e2768b9a-9b9f-4d9e-ac04-dcdca9dc321c] from DelayedJob(auto_update_remind_status_job) with arguments: [{"_aj_globalid"=>"gid://hbao-app/Remind/30"}] (id=22) (queue=auto_update_remind_status_job) RUNNING
I, [2020-11-18T13:12:40.766903 #25208]  INFO -- : 2020-11-18T13:12:40+0700: [Worker(host:bao-TP500LB pid:25208)] Job AutoUpdateRemindStatusJob [e2768b9a-9b9f-4d9e-ac04-dcdca9dc321c] from DelayedJob(auto_update_remind_status_job) with arguments: [{"_aj_globalid"=>"gid://hbao-app/Remind/30"}] (id=22) (queue=auto_update_remind_status_job) COMPLETED after 0.1050
I, [2020-11-18T13:12:40.776464 #25208]  INFO -- : 2020-11-18T13:12:40+0700: [Worker(host:bao-TP500LB pid:25208)] Job AutoUpdateRemindStatusJob [cfd68beb-457f-4cde-a843-eb4f7eaf43e3] from DelayedJob(auto_update_remind_status_job) with arguments: [{"_aj_globalid"=>"gid://hbao-app/Remind/31"}] (id=23) (queue=auto_update_remind_status_job) RUNNING
I, [2020-11-18T13:12:40.799186 #25208]  INFO -- : 2020-11-18T13:12:40+0700: [Worker(host:bao-TP500LB pid:25208)] Job AutoUpdateRemindStatusJob [cfd68beb-457f-4cde-a843-eb4f7eaf43e3] from DelayedJob(auto_update_remind_status_job) with arguments: [{"_aj_globalid"=>"gid://hbao-app/Remind/31"}] (id=23) (queue=auto_update_remind_status_job) COMPLETED after 0.0222
I, [2020-11-18T13:12:40.810713 #25208]  INFO -- : 2020-11-18T13:12:40+0700: [Worker(host:bao-TP500LB pid:25208)] Job AutoUpdateRemindStatusJob [f05909bf-05ff-4165-bb8d-309035756677] from DelayedJob(auto_update_remind_status_job) with arguments: [{"_aj_globalid"=>"gid://hbao-app/Remind/32"}] (id=24) (queue=auto_update_remind_status_job) RUNNING
I, [2020-11-18T13:12:40.825584 #25208]  INFO -- : 2020-11-18T13:12:40+0700: [Worker(host:bao-TP500LB pid:25208)] Job AutoUpdateRemindStatusJob [f05909bf-05ff-4165-bb8d-309035756677] from DelayedJob(auto_update_remind_status_job) with arguments: [{"_aj_globalid"=>"gid://hbao-app/Remind/32"}] (id=24) (queue=auto_update_remind_status_job) COMPLETED after 0.0141
I, [2020-11-18T13:12:40.828278 #25208]  INFO -- : 2020-11-18T13:12:40+0700: [Worker(host:bao-TP500LB pid:25208)] 6 jobs processed at 15.1337 j/s, 0 failed
I, [2020-11-18T13:17:13.757749 #25674]  INFO -- : 2020-11-18T13:17:13+0700: [Worker(delayed_job host:bao-TP500LB pid:25674)] Starting job worker
I, [2020-11-18T13:17:13.770901 #25674]  INFO -- : 2020-11-18T13:17:13+0700: [Worker(delayed_job host:bao-TP500LB pid:25674)] No more jobs available. Exiting
I, [2020-11-18T13:17:34.635914 #25731]  INFO -- : 2020-11-18T13:17:34+0700: [Worker(delayed_job host:bao-TP500LB pid:25731)] Starting job worker
I, [2020-11-18T13:18:34.193821 #25208]  INFO -- : 2020-11-18T13:18:34+0700: [Worker(host:bao-TP500LB pid:25208)] Exiting...
I, [2020-11-18T13:18:46.472550 #25846]  INFO -- : 2020-11-18T13:18:46+0700: [Worker(delayed_job host:bao-TP500LB pid:25846)] Starting job worker
I, [2020-11-18T13:18:46.482067 #25846]  INFO -- : 2020-11-18T13:18:46+0700: [Worker(delayed_job host:bao-TP500LB pid:25846)] Error while reserving job: SQLite3::SQLException: no such table: delayed_jobs
I, [2020-11-18T13:19:46.542928 #25846]  INFO -- : 2020-11-18T13:19:46+0700: [Worker(delayed_job host:bao-TP500LB pid:25846)] Error while reserving job: SQLite3::SQLException: no such table: delayed_jobs
I, [2020-11-18T13:20:46.602528 #25846]  INFO -- : 2020-11-18T13:20:46+0700: [Worker(delayed_job host:bao-TP500LB pid:25846)] Error while reserving job: SQLite3::SQLException: no such table: delayed_jobs
I, [2020-11-18T13:21:46.662275 #25846]  INFO -- : 2020-11-18T13:21:46+0700: [Worker(delayed_job host:bao-TP500LB pid:25846)] Error while reserving job: SQLite3::SQLException: no such table: delayed_jobs
I, [2020-11-18T13:22:31.808920 #26085]  INFO -- : 2020-11-18T13:22:31+0700: [Worker(host:bao-TP500LB pid:26085)] Starting job worker
I, [2020-11-18T13:22:31.856818 #26085]  INFO -- : 2020-11-18T13:22:31+0700: [Worker(host:bao-TP500LB pid:26085)] Job AutoUpdateRemindStatusJob.perform_later (id=25) (queue=auto_update_remind_status_job) RUNNING
I, [2020-11-18T13:22:31.886062 #26085]  INFO -- : 2020-11-18T13:22:31+0700: [Worker(host:bao-TP500LB pid:26085)] Job AutoUpdateRemindStatusJob.perform_later (id=25) (queue=auto_update_remind_status_job) COMPLETED after 0.0289
I, [2020-11-18T13:22:31.897114 #26085]  INFO -- : 2020-11-18T13:22:31+0700: [Worker(host:bao-TP500LB pid:26085)] Job AutoUpdateRemindStatusJob [2b81d21c-b9d7-4d40-afa4-9cadb4d32e11] from DelayedJob(auto_update_remind_status_job) with arguments: [{"_aj_globalid"=>"gid://hbao-app/Remind/33"}] (id=26) (queue=auto_update_remind_status_job) RUNNING
I, [2020-11-18T13:22:31.993990 #26085]  INFO -- : 2020-11-18T13:22:31+0700: [Worker(host:bao-TP500LB pid:26085)] Job AutoUpdateRemindStatusJob [2b81d21c-b9d7-4d40-afa4-9cadb4d32e11] from DelayedJob(auto_update_remind_status_job) with arguments: [{"_aj_globalid"=>"gid://hbao-app/Remind/33"}] (id=26) (queue=auto_update_remind_status_job) COMPLETED after 0.0966
I, [2020-11-18T13:22:31.997312 #26085]  INFO -- : 2020-11-18T13:22:31+0700: [Worker(host:bao-TP500LB pid:26085)] 2 jobs processed at 10.6309 j/s, 0 failed
I, [2020-11-18T13:22:46.722942 #25846]  INFO -- : 2020-11-18T13:22:46+0700: [Worker(delayed_job host:bao-TP500LB pid:25846)] Error while reserving job: SQLite3::SQLException: no such table: delayed_jobs
I, [2020-11-18T13:23:46.781124 #25846]  INFO -- : 2020-11-18T13:23:46+0700: [Worker(delayed_job host:bao-TP500LB pid:25846)] Error while reserving job: SQLite3::SQLException: no such table: delayed_jobs
I, [2020-11-18T13:24:46.844531 #25846]  INFO -- : 2020-11-18T13:24:46+0700: [Worker(delayed_job host:bao-TP500LB pid:25846)] Error while reserving job: SQLite3::SQLException: no such table: delayed_jobs
I, [2020-11-18T13:25:46.906286 #25846]  INFO -- : 2020-11-18T13:25:46+0700: [Worker(delayed_job host:bao-TP500LB pid:25846)] Error while reserving job: SQLite3::SQLException: no such table: delayed_jobs
I, [2020-11-18T13:26:46.969750 #25846]  INFO -- : 2020-11-18T13:26:46+0700: [Worker(delayed_job host:bao-TP500LB pid:25846)] Error while reserving job: SQLite3::SQLException: no such table: delayed_jobs
I, [2020-11-18T13:27:32.604480 #26085]  INFO -- : 2020-11-18T13:27:32+0700: [Worker(host:bao-TP500LB pid:26085)] Job AutoUpdateRemindStatusJob.perform_later (id=27) (queue=auto_update_remind_status_job) RUNNING
I, [2020-11-18T13:27:32.629526 #26085]  INFO -- : 2020-11-18T13:27:32+0700: [Worker(host:bao-TP500LB pid:26085)] Job AutoUpdateRemindStatusJob.perform_later (id=27) (queue=auto_update_remind_status_job) COMPLETED after 0.0243
I, [2020-11-18T13:27:32.645596 #26085]  INFO -- : 2020-11-18T13:27:32+0700: [Worker(host:bao-TP500LB pid:26085)] Job AutoUpdateRemindStatusJob [53db703a-8488-4fc2-ade7-690bb09b3e17] from DelayedJob(auto_update_remind_status_job) with arguments: [{"_aj_globalid"=>"gid://hbao-app/Remind/33"}] (id=28) (queue=auto_update_remind_status_job) RUNNING
I, [2020-11-18T13:27:32.679226 #26085]  INFO -- : 2020-11-18T13:27:32+0700: [Worker(host:bao-TP500LB pid:26085)] Job AutoUpdateRemindStatusJob [53db703a-8488-4fc2-ade7-690bb09b3e17] from DelayedJob(auto_update_remind_status_job) with arguments: [{"_aj_globalid"=>"gid://hbao-app/Remind/33"}] (id=28) (queue=auto_update_remind_status_job) COMPLETED after 0.0318
I, [2020-11-18T13:27:32.681031 #26085]  INFO -- : 2020-11-18T13:27:32+0700: [Worker(host:bao-TP500LB pid:26085)] 2 jobs processed at 20.2451 j/s, 0 failed
I, [2020-11-18T13:27:47.028985 #25846]  INFO -- : 2020-11-18T13:27:47+0700: [Worker(delayed_job host:bao-TP500LB pid:25846)] Error while reserving job: SQLite3::SQLException: no such table: delayed_jobs
I, [2020-11-18T13:30:33.030697 #26085]  INFO -- : 2020-11-18T13:30:33+0700: [Worker(host:bao-TP500LB pid:26085)] Job AutoUpdateRemindStatusJob.perform_later (id=29) (queue=auto_update_remind_status_job) RUNNING
I, [2020-11-18T13:30:33.056530 #26085]  INFO -- : 2020-11-18T13:30:33+0700: [Worker(host:bao-TP500LB pid:26085)] Job AutoUpdateRemindStatusJob.perform_later (id=29) (queue=auto_update_remind_status_job) COMPLETED after 0.0251
I, [2020-11-18T13:30:33.070144 #26085]  INFO -- : 2020-11-18T13:30:33+0700: [Worker(host:bao-TP500LB pid:26085)] Job AutoUpdateRemindStatusJob.perform_later (id=30) (queue=auto_update_remind_status_job) RUNNING
I, [2020-11-18T13:30:33.091729 #26085]  INFO -- : 2020-11-18T13:30:33+0700: [Worker(host:bao-TP500LB pid:26085)] Job AutoUpdateRemindStatusJob.perform_later (id=30) (queue=auto_update_remind_status_job) COMPLETED after 0.0213
I, [2020-11-18T13:30:33.103269 #26085]  INFO -- : 2020-11-18T13:30:33+0700: [Worker(host:bao-TP500LB pid:26085)] Job AutoUpdateRemindStatusJob [7ce5b47f-3334-405c-b78b-6967e06827e0] from DelayedJob(auto_update_remind_status_job) with arguments: [{"_aj_globalid"=>"gid://hbao-app/Remind/34"}] (id=31) (queue=auto_update_remind_status_job) RUNNING
I, [2020-11-18T13:30:33.132240 #26085]  INFO -- : 2020-11-18T13:30:33+0700: [Worker(host:bao-TP500LB pid:26085)] Job AutoUpdateRemindStatusJob [7ce5b47f-3334-405c-b78b-6967e06827e0] from DelayedJob(auto_update_remind_status_job) with arguments: [{"_aj_globalid"=>"gid://hbao-app/Remind/34"}] (id=31) (queue=auto_update_remind_status_job) COMPLETED after 0.0285
I, [2020-11-18T13:30:33.145219 #26085]  INFO -- : 2020-11-18T13:30:33+0700: [Worker(host:bao-TP500LB pid:26085)] Job AutoUpdateRemindStatusJob [df30eb33-3305-4ae4-bcb9-f34ac8219355] from DelayedJob(auto_update_remind_status_job) with arguments: [{"_aj_globalid"=>"gid://hbao-app/Remind/35"}] (id=32) (queue=auto_update_remind_status_job) RUNNING
I, [2020-11-18T13:30:33.161914 #26085]  INFO -- : 2020-11-18T13:30:33+0700: [Worker(host:bao-TP500LB pid:26085)] Job AutoUpdateRemindStatusJob [df30eb33-3305-4ae4-bcb9-f34ac8219355] from DelayedJob(auto_update_remind_status_job) with arguments: [{"_aj_globalid"=>"gid://hbao-app/Remind/35"}] (id=32) (queue=auto_update_remind_status_job) COMPLETED after 0.0164
I, [2020-11-18T13:30:33.164418 #26085]  INFO -- : 2020-11-18T13:30:33+0700: [Worker(host:bao-TP500LB pid:26085)] 4 jobs processed at 26.3150 j/s, 0 failed
I, [2020-11-18T13:40:12.978552 #27123]  INFO -- : 2020-11-18T13:40:12+0700: [Worker(delayed_job host:bao-TP500LB pid:27123)] Starting job worker
I, [2020-11-18T13:51:14.328168 #27123]  INFO -- : 2020-11-18T13:51:14+0700: [Worker(delayed_job host:bao-TP500LB pid:27123)] Job AutoUpdateRemindStatusJob.perform_later (id=33) (queue=auto_update_remind_status_job) RUNNING
I, [2020-11-18T13:51:14.352118 #27123]  INFO -- : 2020-11-18T13:51:14+0700: [Worker(delayed_job host:bao-TP500LB pid:27123)] Job AutoUpdateRemindStatusJob.perform_later (id=33) (queue=auto_update_remind_status_job) COMPLETED after 0.0238
I, [2020-11-18T13:51:14.361566 #27123]  INFO -- : 2020-11-18T13:51:14+0700: [Worker(delayed_job host:bao-TP500LB pid:27123)] Job AutoUpdateRemindStatusJob [760eb2ab-ba1e-4aaf-a133-e31b405a210e] from DelayedJob(auto_update_remind_status_job) with arguments: [{"_aj_globalid"=>"gid://hbao-app/Remind/36"}] (id=34) (queue=auto_update_remind_status_job) RUNNING
I, [2020-11-18T13:51:14.439479 #27123]  INFO -- : 2020-11-18T13:51:14+0700: [Worker(delayed_job host:bao-TP500LB pid:27123)] Job AutoUpdateRemindStatusJob [760eb2ab-ba1e-4aaf-a133-e31b405a210e] from DelayedJob(auto_update_remind_status_job) with arguments: [{"_aj_globalid"=>"gid://hbao-app/Remind/36"}] (id=34) (queue=auto_update_remind_status_job) COMPLETED after 0.0778
I, [2020-11-18T13:51:14.441888 #27123]  INFO -- : 2020-11-18T13:51:14+0700: [Worker(delayed_job host:bao-TP500LB pid:27123)] 2 jobs processed at 13.1711 j/s, 0 failed
I, [2020-11-18T14:04:37.151938 #26085]  INFO -- : 2020-11-18T14:04:37+0700: [Worker(host:bao-TP500LB pid:26085)] Job Reminder#wait (id=35) (queue=default) RUNNING
E, [2020-11-18T14:04:37.156453 #26085] ERROR -- : 2020-11-18T14:04:37+0700: [Worker(host:bao-TP500LB pid:26085)] Job Reminder#wait (id=35) (queue=default) FAILED (0 prior attempts) with NoMethodError: undefined method `peform' for #<SmsSender:0x00005623d2079a58>
Did you mean?  perform
I, [2020-11-18T14:04:37.180352 #26085]  INFO -- : 2020-11-18T14:04:37+0700: [Worker(host:bao-TP500LB pid:26085)] 1 jobs processed at 15.6843 j/s, 1 failed
I, [2020-11-18T14:05:16.118936 #27123]  INFO -- : 2020-11-18T14:05:16+0700: [Worker(delayed_job host:bao-TP500LB pid:27123)] Job Reminder#wait (id=35) (queue=default) RUNNING
E, [2020-11-18T14:05:16.121831 #27123] ERROR -- : 2020-11-18T14:05:16+0700: [Worker(delayed_job host:bao-TP500LB pid:27123)] Job Reminder#wait (id=35) (queue=default) FAILED (1 prior attempts) with NoMethodError: undefined method `peform' for #<SmsSender:0x000055fcd0a55988>
Did you mean?  perform
I, [2020-11-18T14:05:16.133682 #27123]  INFO -- : 2020-11-18T14:05:16+0700: [Worker(delayed_job host:bao-TP500LB pid:27123)] 1 jobs processed at 21.4881 j/s, 1 failed
I, [2020-11-18T14:05:37.319750 #26085]  INFO -- : 2020-11-18T14:05:37+0700: [Worker(host:bao-TP500LB pid:26085)] Job Reminder#wait (id=35) (queue=default) RUNNING
E, [2020-11-18T14:05:37.322107 #26085] ERROR -- : 2020-11-18T14:05:37+0700: [Worker(host:bao-TP500LB pid:26085)] Job Reminder#wait (id=35) (queue=default) FAILED (2 prior attempts) with NoMethodError: undefined method `peform' for #<SmsSender:0x00005623d2e8e238>
Did you mean?  perform
E, [2020-11-18T14:05:37.322261 #26085] ERROR -- : 2020-11-18T14:05:37+0700: [Worker(host:bao-TP500LB pid:26085)] Job Reminder#wait (id=35) (queue=default) FAILED permanently because of 3 consecutive failures
I, [2020-11-18T14:05:37.338478 #26085]  INFO -- : 2020-11-18T14:05:37+0700: [Worker(host:bao-TP500LB pid:26085)] 1 jobs processed at 23.0111 j/s, 1 failed
I, [2020-11-18T14:08:16.491874 #27123]  INFO -- : 2020-11-18T14:08:16+0700: [Worker(delayed_job host:bao-TP500LB pid:27123)] Job Remind#update (id=36) RUNNING
I, [2020-11-18T14:08:16.530809 #27123]  INFO -- : 2020-11-18T14:08:16+0700: [Worker(delayed_job host:bao-TP500LB pid:27123)] Job Remind#update (id=36) COMPLETED after 0.0385
I, [2020-11-18T14:08:16.532705 #27123]  INFO -- : 2020-11-18T14:08:16+0700: [Worker(delayed_job host:bao-TP500LB pid:27123)] 1 jobs processed at 16.1832 j/s, 0 failed
I, [2020-11-18T14:10:37.903225 #26085]  INFO -- : 2020-11-18T14:10:37+0700: [Worker(host:bao-TP500LB pid:26085)] Job Remind#update (id=37) RUNNING
I, [2020-11-18T14:10:37.940594 #26085]  INFO -- : 2020-11-18T14:10:37+0700: [Worker(host:bao-TP500LB pid:26085)] Job Remind#update (id=37) COMPLETED after 0.0369
I, [2020-11-18T14:10:37.944239 #26085]  INFO -- : 2020-11-18T14:10:37+0700: [Worker(host:bao-TP500LB pid:26085)] 1 jobs processed at 16.1481 j/s, 0 failed
I, [2020-11-18T14:12:17.010329 #27123]  INFO -- : 2020-11-18T14:12:17+0700: [Worker(delayed_job host:bao-TP500LB pid:27123)] Job Remind#update (id=38) RUNNING
I, [2020-11-18T14:12:17.034122 #27123]  INFO -- : 2020-11-18T14:12:17+0700: [Worker(delayed_job host:bao-TP500LB pid:27123)] Job Remind#update (id=38) COMPLETED after 0.0233
I, [2020-11-18T14:12:17.038349 #27123]  INFO -- : 2020-11-18T14:12:17+0700: [Worker(delayed_job host:bao-TP500LB pid:27123)] 1 jobs processed at 20.4535 j/s, 0 failed
I, [2020-11-18T14:13:17.176489 #27123]  INFO -- : 2020-11-18T14:13:17+0700: [Worker(delayed_job host:bao-TP500LB pid:27123)] Job Remind#update (id=39) RUNNING
I, [2020-11-18T14:13:17.216846 #27123]  INFO -- : 2020-11-18T14:13:17+0700: [Worker(delayed_job host:bao-TP500LB pid:27123)] Job Remind#update (id=39) COMPLETED after 0.0402
I, [2020-11-18T14:13:17.220458 #27123]  INFO -- : 2020-11-18T14:13:17+0700: [Worker(delayed_job host:bao-TP500LB pid:27123)] 1 jobs processed at 15.1086 j/s, 0 failed
I, [2020-11-18T14:14:17.393025 #27123]  INFO -- : 2020-11-18T14:14:17+0700: [Worker(delayed_job host:bao-TP500LB pid:27123)] Job Remind#update (id=40) RUNNING
I, [2020-11-18T14:14:17.442622 #27123]  INFO -- : 2020-11-18T14:14:17+0700: [Worker(delayed_job host:bao-TP500LB pid:27123)] Job Remind#update (id=40) COMPLETED after 0.0493
I, [2020-11-18T14:14:17.445935 #27123]  INFO -- : 2020-11-18T14:14:17+0700: [Worker(delayed_job host:bao-TP500LB pid:27123)] 1 jobs processed at 11.6532 j/s, 0 failed
I, [2020-11-18T14:14:38.431546 #26085]  INFO -- : 2020-11-18T14:14:38+0700: [Worker(host:bao-TP500LB pid:26085)] Job Remind#update (id=41) RUNNING
I, [2020-11-18T14:14:38.473628 #26085]  INFO -- : 2020-11-18T14:14:38+0700: [Worker(host:bao-TP500LB pid:26085)] Job Remind#update (id=41) COMPLETED after 0.0415
I, [2020-11-18T14:14:38.476410 #26085]  INFO -- : 2020-11-18T14:14:38+0700: [Worker(host:bao-TP500LB pid:26085)] 1 jobs processed at 14.5681 j/s, 0 failed
I, [2020-11-18T14:21:18.282349 #27123]  INFO -- : 2020-11-18T14:21:18+0700: [Worker(delayed_job host:bao-TP500LB pid:27123)] Job Reminder#wait (id=42) (queue=default) RUNNING
E, [2020-11-18T14:21:18.284565 #27123] ERROR -- : 2020-11-18T14:21:18+0700: [Worker(delayed_job host:bao-TP500LB pid:27123)] Job Reminder#wait (id=42) (queue=default) FAILED (0 prior attempts) with NoMethodError: undefined method `peform' for #<SmsSender:0x000055fcccfe9c68>
Did you mean?  perform
I, [2020-11-18T14:21:18.297523 #27123]  INFO -- : 2020-11-18T14:21:18+0700: [Worker(delayed_job host:bao-TP500LB pid:27123)] 1 jobs processed at 24.6011 j/s, 1 failed
I, [2020-11-18T14:21:39.316803 #26085]  INFO -- : 2020-11-18T14:21:39+0700: [Worker(host:bao-TP500LB pid:26085)] Job Reminder#wait (id=42) (queue=default) RUNNING
E, [2020-11-18T14:21:39.319272 #26085] ERROR -- : 2020-11-18T14:21:39+0700: [Worker(host:bao-TP500LB pid:26085)] Job Reminder#wait (id=42) (queue=default) FAILED (1 prior attempts) with NoMethodError: undefined method `peform' for #<SmsSender:0x00005623d2a88fa8>
Did you mean?  perform
I, [2020-11-18T14:21:39.331630 #26085]  INFO -- : 2020-11-18T14:21:39+0700: [Worker(host:bao-TP500LB pid:26085)] 1 jobs processed at 24.1969 j/s, 1 failed
I, [2020-11-18T14:22:18.434470 #27123]  INFO -- : 2020-11-18T14:22:18+0700: [Worker(delayed_job host:bao-TP500LB pid:27123)] Job Reminder#wait (id=42) (queue=default) RUNNING
I, [2020-11-18T14:22:18.472897 #27123]  INFO -- : 2020-11-18T14:22:18+0700: [Worker(delayed_job host:bao-TP500LB pid:27123)] Job Reminder#wait (id=42) (queue=default) COMPLETED after 0.0383
I, [2020-11-18T14:22:18.474915 #27123]  INFO -- : 2020-11-18T14:22:18+0700: [Worker(delayed_job host:bao-TP500LB pid:27123)] 1 jobs processed at 15.5349 j/s, 0 failed
I, [2020-11-18T14:24:18.766221 #27123]  INFO -- : 2020-11-18T14:24:18+0700: [Worker(delayed_job host:bao-TP500LB pid:27123)] Job Reminder#wait (id=43) (queue=default) RUNNING
I, [2020-11-18T14:24:18.802146 #27123]  INFO -- : 2020-11-18T14:24:18+0700: [Worker(delayed_job host:bao-TP500LB pid:27123)] Job Reminder#wait (id=43) (queue=default) COMPLETED after 0.0358
I, [2020-11-18T14:24:18.804710 #27123]  INFO -- : 2020-11-18T14:24:18+0700: [Worker(delayed_job host:bao-TP500LB pid:27123)] 1 jobs processed at 15.7850 j/s, 0 failed
I, [2020-11-18T14:29:19.404488 #27123]  INFO -- : 2020-11-18T14:29:19+0700: [Worker(delayed_job host:bao-TP500LB pid:27123)] Job Reminder#wait (id=44) (queue=default) RUNNING
I, [2020-11-18T14:29:19.433208 #27123]  INFO -- : 2020-11-18T14:29:19+0700: [Worker(delayed_job host:bao-TP500LB pid:27123)] Job Reminder#wait (id=44) (queue=default) COMPLETED after 0.0286
I, [2020-11-18T14:29:19.444034 #27123]  INFO -- : 2020-11-18T14:29:19+0700: [Worker(delayed_job host:bao-TP500LB pid:27123)] Job SmsSender#perform (id=45) (queue=default) RUNNING
E, [2020-11-18T14:29:19.449116 #27123] ERROR -- : 2020-11-18T14:29:19+0700: [Worker(delayed_job host:bao-TP500LB pid:27123)] Job SmsSender#perform (id=45) (queue=default) FAILED (0 prior attempts) with NoMethodError: undefined method `phone' for nil:NilClass
I, [2020-11-18T14:29:19.468703 #27123]  INFO -- : 2020-11-18T14:29:19+0700: [Worker(delayed_job host:bao-TP500LB pid:27123)] 2 jobs processed at 22.3395 j/s, 1 failed
I, [2020-11-18T14:29:40.289226 #26085]  INFO -- : 2020-11-18T14:29:40+0700: [Worker(host:bao-TP500LB pid:26085)] Job SmsSender#perform (id=45) (queue=default) RUNNING
E, [2020-11-18T14:29:40.291233 #26085] ERROR -- : 2020-11-18T14:29:40+0700: [Worker(host:bao-TP500LB pid:26085)] Job SmsSender#perform (id=45) (queue=default) FAILED (1 prior attempts) with NoMethodError: undefined method `phone' for nil:NilClass
I, [2020-11-18T14:29:40.305487 #26085]  INFO -- : 2020-11-18T14:29:40+0700: [Worker(host:bao-TP500LB pid:26085)] 1 jobs processed at 31.3360 j/s, 1 failed
I, [2020-11-18T14:30:19.593131 #27123]  INFO -- : 2020-11-18T14:30:19+0700: [Worker(delayed_job host:bao-TP500LB pid:27123)] Job SmsSender#perform (id=45) (queue=default) RUNNING
E, [2020-11-18T14:30:19.595647 #27123] ERROR -- : 2020-11-18T14:30:19+0700: [Worker(delayed_job host:bao-TP500LB pid:27123)] Job SmsSender#perform (id=45) (queue=default) FAILED (2 prior attempts) with NoMethodError: undefined method `phone' for nil:NilClass
E, [2020-11-18T14:30:19.595814 #27123] ERROR -- : 2020-11-18T14:30:19+0700: [Worker(delayed_job host:bao-TP500LB pid:27123)] Job SmsSender#perform (id=45) (queue=default) FAILED permanently because of 3 consecutive failures
I, [2020-11-18T14:30:19.634307 #27123]  INFO -- : 2020-11-18T14:30:19+0700: [Worker(delayed_job host:bao-TP500LB pid:27123)] Job Reminder#wait (id=46) (queue=default) RUNNING
I, [2020-11-18T14:30:19.672772 #27123]  INFO -- : 2020-11-18T14:30:19+0700: [Worker(delayed_job host:bao-TP500LB pid:27123)] Job Reminder#wait (id=46) (queue=default) COMPLETED after 0.0380
I, [2020-11-18T14:30:19.690406 #27123]  INFO -- : 2020-11-18T14:30:19+0700: [Worker(delayed_job host:bao-TP500LB pid:27123)] Job SmsSender#perform (id=47) (queue=default) RUNNING
I, [2020-11-18T14:30:21.567452 #27123]  INFO -- : 2020-11-18T14:30:21+0700: [Worker(delayed_job host:bao-TP500LB pid:27123)] Job SmsSender#perform (id=47) (queue=default) COMPLETED after 1.8747
I, [2020-11-18T14:30:21.569935 #27123]  INFO -- : 2020-11-18T14:30:21+0700: [Worker(delayed_job host:bao-TP500LB pid:27123)] 3 jobs processed at 1.5065 j/s, 1 failed
